@!@!@STARTMSG 2262:0 @!@!@
TLC2 Version 2.08 of 21 December 2015
@!@!@ENDMSG 2262 @!@!@
@!@!@STARTMSG 2187:0 @!@!@
Running in Model-Checking mode.
@!@!@ENDMSG 2187 @!@!@
@!@!@STARTMSG 2220:0 @!@!@
Starting SANY...
@!@!@ENDMSG 2220 @!@!@
Parsing file MC.tla
Parsing file raft.tla
Parsing file E:\code\TLAPlus\toolbox\plugins\org.lamport.tlatools_1.0.0.201512230951\tla2sany\StandardModules\TLC.tla
Parsing file E:\code\TLAPlus\toolbox\plugins\org.lamport.tlatools_1.0.0.201512230951\tla2sany\StandardModules\Naturals.tla
Parsing file E:\code\TLAPlus\toolbox\plugins\org.lamport.tlatools_1.0.0.201512230951\tla2sany\StandardModules\FiniteSets.tla
Parsing file E:\code\TLAPlus\toolbox\plugins\org.lamport.tlatools_1.0.0.201512230951\tla2sany\StandardModules\Sequences.tla
Semantic processing of module Naturals
Semantic processing of module Sequences
Semantic processing of module FiniteSets
Semantic processing of module TLC
Semantic processing of module raft
Semantic processing of module MC
@!@!@STARTMSG 2219:0 @!@!@
SANY finished.
@!@!@ENDMSG 2219 @!@!@
@!@!@STARTMSG 2185:0 @!@!@
Starting... (2016-07-20 09:15:00)
@!@!@ENDMSG 2185 @!@!@
@!@!@STARTMSG 2189:0 @!@!@
Computing initial states...
@!@!@ENDMSG 2189 @!@!@
@!@!@STARTMSG 2190:0 @!@!@
Finished computing initial states: 1 distinct state generated.
@!@!@ENDMSG 2190 @!@!@
@!@!@STARTMSG 2200:0 @!@!@
Progress(9) at 2016-07-20 09:15:03: 309786 states generated (309,786 s/min), 100702 distinct states found (100,702 ds/min), 80466 states left on queue.
@!@!@ENDMSG 2200 @!@!@
@!@!@STARTMSG 2110:1 @!@!@
Invariant inv_1469031299552101000 is violated.
@!@!@ENDMSG 2110 @!@!@
@!@!@STARTMSG 2121:1 @!@!@
The behavior up to this point is:
@!@!@ENDMSG 2121 @!@!@
@!@!@STARTMSG 2217:4 @!@!@
1: <Initial predicate>
/\ elections = {}
/\ committedLogDecrease = FALSE
/\ messages = << >>
/\ clientRequests = 1
/\ matchIndex = [ s1 |-> [s1 |-> 0, s2 |-> 0, s3 |-> 0],
  s2 |-> [s1 |-> 0, s2 |-> 0, s3 |-> 0],
  s3 |-> [s1 |-> 0, s2 |-> 0, s3 |-> 0] ]
/\ log = [s1 |-> <<>>, s2 |-> <<>>, s3 |-> <<>>]
/\ state = [s1 |-> Follower, s2 |-> Follower, s3 |-> Follower]
/\ allLogs = {}
/\ commitIndex = [s1 |-> 0, s2 |-> 0, s3 |-> 0]
/\ currentTerm = [s1 |-> 1, s2 |-> 1, s3 |-> 1]
/\ votesResponded = [s1 |-> {}, s2 |-> {}, s3 |-> {}]
/\ committedLog = <<>>
/\ nextIndex = [ s1 |-> [s1 |-> 1, s2 |-> 1, s3 |-> 1],
  s2 |-> [s1 |-> 1, s2 |-> 1, s3 |-> 1],
  s3 |-> [s1 |-> 1, s2 |-> 1, s3 |-> 1] ]
/\ votesGranted = [s1 |-> {}, s2 |-> {}, s3 |-> {}]
/\ voterLog = [s1 |-> << >>, s2 |-> << >>, s3 |-> << >>]
/\ votedFor = [s1 |-> Nil, s2 |-> Nil, s3 |-> Nil]

@!@!@ENDMSG 2217 @!@!@
@!@!@STARTMSG 2217:4 @!@!@
2: <Action line 474, col 9 to line 485, col 58 of module raft>
/\ elections = {}
/\ committedLogDecrease = FALSE
/\ messages = << >>
/\ clientRequests = 1
/\ matchIndex = [ s1 |-> [s1 |-> 0, s2 |-> 0, s3 |-> 0],
  s2 |-> [s1 |-> 0, s2 |-> 0, s3 |-> 0],
  s3 |-> [s1 |-> 0, s2 |-> 0, s3 |-> 0] ]
/\ log = [s1 |-> <<>>, s2 |-> <<>>, s3 |-> <<>>]
/\ state = [s1 |-> Candidate, s2 |-> Follower, s3 |-> Follower]
/\ allLogs = {<<>>}
/\ commitIndex = [s1 |-> 0, s2 |-> 0, s3 |-> 0]
/\ currentTerm = [s1 |-> 2, s2 |-> 1, s3 |-> 1]
/\ votesResponded = [s1 |-> {}, s2 |-> {}, s3 |-> {}]
/\ committedLog = <<>>
/\ nextIndex = [ s1 |-> [s1 |-> 1, s2 |-> 1, s3 |-> 1],
  s2 |-> [s1 |-> 1, s2 |-> 1, s3 |-> 1],
  s3 |-> [s1 |-> 1, s2 |-> 1, s3 |-> 1] ]
/\ votesGranted = [s1 |-> {}, s2 |-> {}, s3 |-> {}]
/\ voterLog = [s1 |-> << >>, s2 |-> << >>, s3 |-> << >>]
/\ votedFor = [s1 |-> Nil, s2 |-> Nil, s3 |-> Nil]

@!@!@ENDMSG 2217 @!@!@
@!@!@STARTMSG 2217:4 @!@!@
3: <Action line 474, col 9 to line 485, col 58 of module raft>
/\ elections = {}
/\ committedLogDecrease = FALSE
/\ messages = << >>
/\ clientRequests = 1
/\ matchIndex = [ s1 |-> [s1 |-> 0, s2 |-> 0, s3 |-> 0],
  s2 |-> [s1 |-> 0, s2 |-> 0, s3 |-> 0],
  s3 |-> [s1 |-> 0, s2 |-> 0, s3 |-> 0] ]
/\ log = [s1 |-> <<>>, s2 |-> <<>>, s3 |-> <<>>]
/\ state = [s1 |-> Candidate, s2 |-> Candidate, s3 |-> Follower]
/\ allLogs = {<<>>}
/\ commitIndex = [s1 |-> 0, s2 |-> 0, s3 |-> 0]
/\ currentTerm = [s1 |-> 2, s2 |-> 2, s3 |-> 1]
/\ votesResponded = [s1 |-> {}, s2 |-> {}, s3 |-> {}]
/\ committedLog = <<>>
/\ nextIndex = [ s1 |-> [s1 |-> 1, s2 |-> 1, s3 |-> 1],
  s2 |-> [s1 |-> 1, s2 |-> 1, s3 |-> 1],
  s3 |-> [s1 |-> 1, s2 |-> 1, s3 |-> 1] ]
/\ votesGranted = [s1 |-> {}, s2 |-> {}, s3 |-> {}]
/\ voterLog = [s1 |-> << >>, s2 |-> << >>, s3 |-> << >>]
/\ votedFor = [s1 |-> Nil, s2 |-> Nil, s3 |-> Nil]

@!@!@ENDMSG 2217 @!@!@
@!@!@STARTMSG 2217:4 @!@!@
4: <Action line 474, col 9 to line 485, col 58 of module raft>
/\ elections = {}
/\ committedLogDecrease = FALSE
/\ messages = ( [ mtype |-> RequestVoteRequest,
    mterm |-> 2,
    mlastLogTerm |-> 0,
    mlastLogIndex |-> 0,
    msource |-> "s1",
    mdest |-> "s1" ] :>
      1 )
/\ clientRequests = 1
/\ matchIndex = [ s1 |-> [s1 |-> 0, s2 |-> 0, s3 |-> 0],
  s2 |-> [s1 |-> 0, s2 |-> 0, s3 |-> 0],
  s3 |-> [s1 |-> 0, s2 |-> 0, s3 |-> 0] ]
/\ log = [s1 |-> <<>>, s2 |-> <<>>, s3 |-> <<>>]
/\ state = [s1 |-> Candidate, s2 |-> Candidate, s3 |-> Follower]
/\ allLogs = {<<>>}
/\ commitIndex = [s1 |-> 0, s2 |-> 0, s3 |-> 0]
/\ currentTerm = [s1 |-> 2, s2 |-> 2, s3 |-> 1]
/\ votesResponded = [s1 |-> {}, s2 |-> {}, s3 |-> {}]
/\ committedLog = <<>>
/\ nextIndex = [ s1 |-> [s1 |-> 1, s2 |-> 1, s3 |-> 1],
  s2 |-> [s1 |-> 1, s2 |-> 1, s3 |-> 1],
  s3 |-> [s1 |-> 1, s2 |-> 1, s3 |-> 1] ]
/\ votesGranted = [s1 |-> {}, s2 |-> {}, s3 |-> {}]
/\ voterLog = [s1 |-> << >>, s2 |-> << >>, s3 |-> << >>]
/\ votedFor = [s1 |-> Nil, s2 |-> Nil, s3 |-> Nil]

@!@!@ENDMSG 2217 @!@!@
@!@!@STARTMSG 2217:4 @!@!@
5: <Action line 474, col 9 to line 485, col 58 of module raft>
/\ elections = {}
/\ committedLogDecrease = FALSE
/\ messages = ( [ mtype |-> RequestVoteRequest,
    mterm |-> 2,
    mlastLogTerm |-> 0,
    mlastLogIndex |-> 0,
    msource |-> "s1",
    mdest |-> "s1" ] :>
      1 @@
  [ mtype |-> RequestVoteRequest,
    mterm |-> 2,
    mlastLogTerm |-> 0,
    mlastLogIndex |-> 0,
    msource |-> "s1",
    mdest |-> "s2" ] :>
      1 )
/\ clientRequests = 1
/\ matchIndex = [ s1 |-> [s1 |-> 0, s2 |-> 0, s3 |-> 0],
  s2 |-> [s1 |-> 0, s2 |-> 0, s3 |-> 0],
  s3 |-> [s1 |-> 0, s2 |-> 0, s3 |-> 0] ]
/\ log = [s1 |-> <<>>, s2 |-> <<>>, s3 |-> <<>>]
/\ state = [s1 |-> Candidate, s2 |-> Candidate, s3 |-> Follower]
/\ allLogs = {<<>>}
/\ commitIndex = [s1 |-> 0, s2 |-> 0, s3 |-> 0]
/\ currentTerm = [s1 |-> 2, s2 |-> 2, s3 |-> 1]
/\ votesResponded = [s1 |-> {}, s2 |-> {}, s3 |-> {}]
/\ committedLog = <<>>
/\ nextIndex = [ s1 |-> [s1 |-> 1, s2 |-> 1, s3 |-> 1],
  s2 |-> [s1 |-> 1, s2 |-> 1, s3 |-> 1],
  s3 |-> [s1 |-> 1, s2 |-> 1, s3 |-> 1] ]
/\ votesGranted = [s1 |-> {}, s2 |-> {}, s3 |-> {}]
/\ voterLog = [s1 |-> << >>, s2 |-> << >>, s3 |-> << >>]
/\ votedFor = [s1 |-> Nil, s2 |-> Nil, s3 |-> Nil]

@!@!@ENDMSG 2217 @!@!@
@!@!@STARTMSG 2217:4 @!@!@
6: <Action line 474, col 9 to line 485, col 58 of module raft>
/\ elections = {}
/\ committedLogDecrease = FALSE
/\ messages = ( [ mtype |-> RequestVoteResponse,
    mterm |-> 2,
    msource |-> "s1",
    mdest |-> "s1",
    mlog |-> <<>>,
    mvoteGranted |-> TRUE ] :>
      1 @@
  [ mtype |-> RequestVoteRequest,
    mterm |-> 2,
    mlastLogTerm |-> 0,
    mlastLogIndex |-> 0,
    msource |-> "s1",
    mdest |-> "s1" ] :>
      0 @@
  [ mtype |-> RequestVoteRequest,
    mterm |-> 2,
    mlastLogTerm |-> 0,
    mlastLogIndex |-> 0,
    msource |-> "s1",
    mdest |-> "s2" ] :>
      1 )
/\ clientRequests = 1
/\ matchIndex = [ s1 |-> [s1 |-> 0, s2 |-> 0, s3 |-> 0],
  s2 |-> [s1 |-> 0, s2 |-> 0, s3 |-> 0],
  s3 |-> [s1 |-> 0, s2 |-> 0, s3 |-> 0] ]
/\ log = [s1 |-> <<>>, s2 |-> <<>>, s3 |-> <<>>]
/\ state = [s1 |-> Candidate, s2 |-> Candidate, s3 |-> Follower]
/\ allLogs = {<<>>}
/\ commitIndex = [s1 |-> 0, s2 |-> 0, s3 |-> 0]
/\ currentTerm = [s1 |-> 2, s2 |-> 2, s3 |-> 1]
/\ votesResponded = [s1 |-> {}, s2 |-> {}, s3 |-> {}]
/\ committedLog = <<>>
/\ nextIndex = [ s1 |-> [s1 |-> 1, s2 |-> 1, s3 |-> 1],
  s2 |-> [s1 |-> 1, s2 |-> 1, s3 |-> 1],
  s3 |-> [s1 |-> 1, s2 |-> 1, s3 |-> 1] ]
/\ votesGranted = [s1 |-> {}, s2 |-> {}, s3 |-> {}]
/\ voterLog = [s1 |-> << >>, s2 |-> << >>, s3 |-> << >>]
/\ votedFor = [s1 |-> "s1", s2 |-> Nil, s3 |-> Nil]

@!@!@ENDMSG 2217 @!@!@
@!@!@STARTMSG 2217:4 @!@!@
7: <Action line 474, col 9 to line 485, col 58 of module raft>
/\ elections = {}
/\ committedLogDecrease = FALSE
/\ messages = ( [ mtype |-> RequestVoteResponse,
    mterm |-> 2,
    msource |-> "s1",
    mdest |-> "s1",
    mlog |-> <<>>,
    mvoteGranted |-> TRUE ] :>
      0 @@
  [ mtype |-> RequestVoteRequest,
    mterm |-> 2,
    mlastLogTerm |-> 0,
    mlastLogIndex |-> 0,
    msource |-> "s1",
    mdest |-> "s1" ] :>
      0 @@
  [ mtype |-> RequestVoteRequest,
    mterm |-> 2,
    mlastLogTerm |-> 0,
    mlastLogIndex |-> 0,
    msource |-> "s1",
    mdest |-> "s2" ] :>
      1 )
/\ clientRequests = 1
/\ matchIndex = [ s1 |-> [s1 |-> 0, s2 |-> 0, s3 |-> 0],
  s2 |-> [s1 |-> 0, s2 |-> 0, s3 |-> 0],
  s3 |-> [s1 |-> 0, s2 |-> 0, s3 |-> 0] ]
/\ log = [s1 |-> <<>>, s2 |-> <<>>, s3 |-> <<>>]
/\ state = [s1 |-> Candidate, s2 |-> Candidate, s3 |-> Follower]
/\ allLogs = {<<>>}
/\ commitIndex = [s1 |-> 0, s2 |-> 0, s3 |-> 0]
/\ currentTerm = [s1 |-> 2, s2 |-> 2, s3 |-> 1]
/\ votesResponded = [s1 |-> {"s1"}, s2 |-> {}, s3 |-> {}]
/\ committedLog = <<>>
/\ nextIndex = [ s1 |-> [s1 |-> 1, s2 |-> 1, s3 |-> 1],
  s2 |-> [s1 |-> 1, s2 |-> 1, s3 |-> 1],
  s3 |-> [s1 |-> 1, s2 |-> 1, s3 |-> 1] ]
/\ votesGranted = [s1 |-> {"s1"}, s2 |-> {}, s3 |-> {}]
/\ voterLog = [s1 |-> [s1 |-> <<>>], s2 |-> << >>, s3 |-> << >>]
/\ votedFor = [s1 |-> "s1", s2 |-> Nil, s3 |-> Nil]

@!@!@ENDMSG 2217 @!@!@
@!@!@STARTMSG 2217:4 @!@!@
8: <Action line 474, col 9 to line 485, col 58 of module raft>
/\ elections = {}
/\ committedLogDecrease = FALSE
/\ messages = ( [ mtype |-> RequestVoteResponse,
    mterm |-> 2,
    msource |-> "s1",
    mdest |-> "s1",
    mlog |-> <<>>,
    mvoteGranted |-> TRUE ] :>
      0 @@
  [ mtype |-> RequestVoteResponse,
    mterm |-> 2,
    msource |-> "s2",
    mdest |-> "s1",
    mlog |-> <<>>,
    mvoteGranted |-> TRUE ] :>
      1 @@
  [ mtype |-> RequestVoteRequest,
    mterm |-> 2,
    mlastLogTerm |-> 0,
    mlastLogIndex |-> 0,
    msource |-> "s1",
    mdest |-> "s1" ] :>
      0 @@
  [ mtype |-> RequestVoteRequest,
    mterm |-> 2,
    mlastLogTerm |-> 0,
    mlastLogIndex |-> 0,
    msource |-> "s1",
    mdest |-> "s2" ] :>
      0 )
/\ clientRequests = 1
/\ matchIndex = [ s1 |-> [s1 |-> 0, s2 |-> 0, s3 |-> 0],
  s2 |-> [s1 |-> 0, s2 |-> 0, s3 |-> 0],
  s3 |-> [s1 |-> 0, s2 |-> 0, s3 |-> 0] ]
/\ log = [s1 |-> <<>>, s2 |-> <<>>, s3 |-> <<>>]
/\ state = [s1 |-> Candidate, s2 |-> Candidate, s3 |-> Follower]
/\ allLogs = {<<>>}
/\ commitIndex = [s1 |-> 0, s2 |-> 0, s3 |-> 0]
/\ currentTerm = [s1 |-> 2, s2 |-> 2, s3 |-> 1]
/\ votesResponded = [s1 |-> {"s1"}, s2 |-> {}, s3 |-> {}]
/\ committedLog = <<>>
/\ nextIndex = [ s1 |-> [s1 |-> 1, s2 |-> 1, s3 |-> 1],
  s2 |-> [s1 |-> 1, s2 |-> 1, s3 |-> 1],
  s3 |-> [s1 |-> 1, s2 |-> 1, s3 |-> 1] ]
/\ votesGranted = [s1 |-> {"s1"}, s2 |-> {}, s3 |-> {}]
/\ voterLog = [s1 |-> [s1 |-> <<>>], s2 |-> << >>, s3 |-> << >>]
/\ votedFor = [s1 |-> "s1", s2 |-> "s1", s3 |-> Nil]

@!@!@ENDMSG 2217 @!@!@
@!@!@STARTMSG 2217:4 @!@!@
9: <Action line 474, col 9 to line 485, col 58 of module raft>
/\ elections = {}
/\ committedLogDecrease = FALSE
/\ messages = ( [ mtype |-> RequestVoteResponse,
    mterm |-> 2,
    msource |-> "s1",
    mdest |-> "s1",
    mlog |-> <<>>,
    mvoteGranted |-> TRUE ] :>
      0 @@
  [ mtype |-> RequestVoteResponse,
    mterm |-> 2,
    msource |-> "s2",
    mdest |-> "s1",
    mlog |-> <<>>,
    mvoteGranted |-> TRUE ] :>
      0 @@
  [ mtype |-> RequestVoteRequest,
    mterm |-> 2,
    mlastLogTerm |-> 0,
    mlastLogIndex |-> 0,
    msource |-> "s1",
    mdest |-> "s1" ] :>
      0 @@
  [ mtype |-> RequestVoteRequest,
    mterm |-> 2,
    mlastLogTerm |-> 0,
    mlastLogIndex |-> 0,
    msource |-> "s1",
    mdest |-> "s2" ] :>
      0 )
/\ clientRequests = 1
/\ matchIndex = [ s1 |-> [s1 |-> 0, s2 |-> 0, s3 |-> 0],
  s2 |-> [s1 |-> 0, s2 |-> 0, s3 |-> 0],
  s3 |-> [s1 |-> 0, s2 |-> 0, s3 |-> 0] ]
/\ log = [s1 |-> <<>>, s2 |-> <<>>, s3 |-> <<>>]
/\ state = [s1 |-> Candidate, s2 |-> Candidate, s3 |-> Follower]
/\ allLogs = {<<>>}
/\ commitIndex = [s1 |-> 0, s2 |-> 0, s3 |-> 0]
/\ currentTerm = [s1 |-> 2, s2 |-> 2, s3 |-> 1]
/\ votesResponded = [s1 |-> {"s1", "s2"}, s2 |-> {}, s3 |-> {}]
/\ committedLog = <<>>
/\ nextIndex = [ s1 |-> [s1 |-> 1, s2 |-> 1, s3 |-> 1],
  s2 |-> [s1 |-> 1, s2 |-> 1, s3 |-> 1],
  s3 |-> [s1 |-> 1, s2 |-> 1, s3 |-> 1] ]
/\ votesGranted = [s1 |-> {"s1", "s2"}, s2 |-> {}, s3 |-> {}]
/\ voterLog = [s1 |-> [s1 |-> <<>>, s2 |-> <<>>], s2 |-> << >>, s3 |-> << >>]
/\ votedFor = [s1 |-> "s1", s2 |-> "s1", s3 |-> Nil]

@!@!@ENDMSG 2217 @!@!@
@!@!@STARTMSG 2217:4 @!@!@
10: <Action line 474, col 9 to line 485, col 58 of module raft>
/\ elections = { [ eterm |-> 2,
    eleader |-> "s1",
    elog |-> <<>>,
    evotes |-> {"s1", "s2"},
    evoterLog |-> [s1 |-> <<>>, s2 |-> <<>>] ] }
/\ committedLogDecrease = FALSE
/\ messages = ( [ mtype |-> RequestVoteResponse,
    mterm |-> 2,
    msource |-> "s1",
    mdest |-> "s1",
    mlog |-> <<>>,
    mvoteGranted |-> TRUE ] :>
      0 @@
  [ mtype |-> RequestVoteResponse,
    mterm |-> 2,
    msource |-> "s2",
    mdest |-> "s1",
    mlog |-> <<>>,
    mvoteGranted |-> TRUE ] :>
      0 @@
  [ mtype |-> RequestVoteRequest,
    mterm |-> 2,
    mlastLogTerm |-> 0,
    mlastLogIndex |-> 0,
    msource |-> "s1",
    mdest |-> "s1" ] :>
      0 @@
  [ mtype |-> RequestVoteRequest,
    mterm |-> 2,
    mlastLogTerm |-> 0,
    mlastLogIndex |-> 0,
    msource |-> "s1",
    mdest |-> "s2" ] :>
      0 )
/\ clientRequests = 1
/\ matchIndex = [ s1 |-> [s1 |-> 0, s2 |-> 0, s3 |-> 0],
  s2 |-> [s1 |-> 0, s2 |-> 0, s3 |-> 0],
  s3 |-> [s1 |-> 0, s2 |-> 0, s3 |-> 0] ]
/\ log = [s1 |-> <<>>, s2 |-> <<>>, s3 |-> <<>>]
/\ state = [s1 |-> Leader, s2 |-> Candidate, s3 |-> Follower]
/\ allLogs = {<<>>}
/\ commitIndex = [s1 |-> 0, s2 |-> 0, s3 |-> 0]
/\ currentTerm = [s1 |-> 2, s2 |-> 2, s3 |-> 1]
/\ votesResponded = [s1 |-> {"s1", "s2"}, s2 |-> {}, s3 |-> {}]
/\ committedLog = <<>>
/\ nextIndex = [ s1 |-> [s1 |-> 1, s2 |-> 1, s3 |-> 1],
  s2 |-> [s1 |-> 1, s2 |-> 1, s3 |-> 1],
  s3 |-> [s1 |-> 1, s2 |-> 1, s3 |-> 1] ]
/\ votesGranted = [s1 |-> {"s1", "s2"}, s2 |-> {}, s3 |-> {}]
/\ voterLog = [s1 |-> [s1 |-> <<>>, s2 |-> <<>>], s2 |-> << >>, s3 |-> << >>]
/\ votedFor = [s1 |-> "s1", s2 |-> "s1", s3 |-> Nil]

@!@!@ENDMSG 2217 @!@!@
@!@!@STARTMSG 2201:0 @!@!@
The coverage statistics at 2016-07-20 09:15:16
@!@!@ENDMSG 2201 @!@!@
@!@!@STARTMSG 2221:0 @!@!@
  line 130, col 12 to line 130, col 47 of module raft: 1534765
@!@!@ENDMSG 2221 @!@!@
@!@!@STARTMSG 2221:0 @!@!@
  line 134, col 15 to line 134, col 53 of module raft: 499882
@!@!@ENDMSG 2221 @!@!@
@!@!@STARTMSG 2221:0 @!@!@
  line 138, col 5 to line 138, col 72 of module raft: 251461
@!@!@ENDMSG 2221 @!@!@
@!@!@STARTMSG 2221:0 @!@!@
  line 179, col 8 to line 179, col 55 of module raft: 627291
@!@!@ENDMSG 2221 @!@!@
@!@!@STARTMSG 2221:0 @!@!@
  line 180, col 8 to line 180, col 58 of module raft: 627291
@!@!@ENDMSG 2221 @!@!@
@!@!@STARTMSG 2221:0 @!@!@
  line 181, col 8 to line 181, col 56 of module raft: 627291
@!@!@ENDMSG 2221 @!@!@
@!@!@STARTMSG 2221:0 @!@!@
  line 182, col 8 to line 182, col 69 of module raft: 627291
@!@!@ENDMSG 2221 @!@!@
@!@!@STARTMSG 2221:0 @!@!@
  line 183, col 8 to line 183, col 71 of module raft: 627291
@!@!@ENDMSG 2221 @!@!@
@!@!@STARTMSG 2221:0 @!@!@
  line 184, col 8 to line 184, col 72 of module raft: 627291
@!@!@ENDMSG 2221 @!@!@
@!@!@STARTMSG 2221:0 @!@!@
  line 185, col 8 to line 185, col 54 of module raft: 627291
@!@!@ENDMSG 2221 @!@!@
@!@!@STARTMSG 2221:0 @!@!@
  line 186, col 20 to line 186, col 27 of module raft: 627291
@!@!@ENDMSG 2221 @!@!@
@!@!@STARTMSG 2221:0 @!@!@
  line 186, col 30 to line 186, col 40 of module raft: 627291
@!@!@ENDMSG 2221 @!@!@
@!@!@STARTMSG 2221:0 @!@!@
  line 186, col 43 to line 186, col 50 of module raft: 627291
@!@!@ENDMSG 2221 @!@!@
@!@!@STARTMSG 2221:0 @!@!@
  line 186, col 53 to line 186, col 55 of module raft: 627291
@!@!@ENDMSG 2221 @!@!@
@!@!@STARTMSG 2221:0 @!@!@
  line 186, col 58 to line 186, col 66 of module raft: 627291
@!@!@ENDMSG 2221 @!@!@
@!@!@STARTMSG 2221:0 @!@!@
  line 186, col 69 to line 186, col 82 of module raft: 627291
@!@!@ENDMSG 2221 @!@!@
@!@!@STARTMSG 2221:0 @!@!@
  line 186, col 85 to line 186, col 96 of module raft: 627291
@!@!@ENDMSG 2221 @!@!@
@!@!@STARTMSG 2221:0 @!@!@
  line 186, col 99 to line 186, col 118 of module raft: 627291
@!@!@ENDMSG 2221 @!@!@
@!@!@STARTMSG 2221:0 @!@!@
  line 190, col 18 to line 190, col 57 of module raft: 627291
@!@!@ENDMSG 2221 @!@!@
@!@!@STARTMSG 2221:0 @!@!@
  line 191, col 18 to line 191, col 78 of module raft: 627291
@!@!@ENDMSG 2221 @!@!@
@!@!@STARTMSG 2221:0 @!@!@
  line 194, col 18 to line 194, col 57 of module raft: 627291
@!@!@ENDMSG 2221 @!@!@
@!@!@STARTMSG 2221:0 @!@!@
  line 195, col 18 to line 195, col 68 of module raft: 627291
@!@!@ENDMSG 2221 @!@!@
@!@!@STARTMSG 2221:0 @!@!@
  line 196, col 18 to line 196, col 66 of module raft: 627291
@!@!@ENDMSG 2221 @!@!@
@!@!@STARTMSG 2221:0 @!@!@
  line 197, col 18 to line 197, col 79 of module raft: 627291
@!@!@ENDMSG 2221 @!@!@
@!@!@STARTMSG 2221:0 @!@!@
  line 198, col 30 to line 198, col 37 of module raft: 627291
@!@!@ENDMSG 2221 @!@!@
@!@!@STARTMSG 2221:0 @!@!@
  line 243, col 8 to line 243, col 49 of module raft: 1
@!@!@ENDMSG 2221 @!@!@
@!@!@STARTMSG 2221:0 @!@!@
  line 244, col 8 to line 245, col 60 of module raft: 1
@!@!@ENDMSG 2221 @!@!@
@!@!@STARTMSG 2221:0 @!@!@
  line 246, col 8 to line 247, col 46 of module raft: 1
@!@!@ENDMSG 2221 @!@!@
@!@!@STARTMSG 2221:0 @!@!@
  line 248, col 8 to line 253, col 54 of module raft: 1
@!@!@ENDMSG 2221 @!@!@
@!@!@STARTMSG 2221:0 @!@!@
  line 254, col 20 to line 254, col 27 of module raft: 1
@!@!@ENDMSG 2221 @!@!@
@!@!@STARTMSG 2221:0 @!@!@
  line 254, col 30 to line 254, col 40 of module raft: 1
@!@!@ENDMSG 2221 @!@!@
@!@!@STARTMSG 2221:0 @!@!@
  line 254, col 43 to line 254, col 50 of module raft: 1
@!@!@ENDMSG 2221 @!@!@
@!@!@STARTMSG 2221:0 @!@!@
  line 262, col 15 to line 262, col 47 of module raft: 0
@!@!@ENDMSG 2221 @!@!@
@!@!@STARTMSG 2221:0 @!@!@
  line 264, col 15 to line 264, col 50 of module raft: 0
@!@!@ENDMSG 2221 @!@!@
@!@!@STARTMSG 2221:0 @!@!@
  line 265, col 20 to line 265, col 27 of module raft: 0
@!@!@ENDMSG 2221 @!@!@
@!@!@STARTMSG 2221:0 @!@!@
  line 266, col 32 to line 266, col 42 of module raft: 0
@!@!@ENDMSG 2221 @!@!@
@!@!@STARTMSG 2221:0 @!@!@
  line 266, col 45 to line 266, col 56 of module raft: 0
@!@!@ENDMSG 2221 @!@!@
@!@!@STARTMSG 2221:0 @!@!@
  line 266, col 59 to line 266, col 78 of module raft: 0
@!@!@ENDMSG 2221 @!@!@
@!@!@STARTMSG 2221:0 @!@!@
  line 293, col 14 to line 293, col 70 of module raft: 0
@!@!@ENDMSG 2221 @!@!@
@!@!@STARTMSG 2221:0 @!@!@
  line 294, col 14 to line 295, col 109 of module raft: 0
@!@!@ENDMSG 2221 @!@!@
@!@!@STARTMSG 2221:0 @!@!@
  line 296, col 14 to line 296, col 44 of module raft: 0
@!@!@ENDMSG 2221 @!@!@
@!@!@STARTMSG 2221:0 @!@!@
  line 297, col 20 to line 297, col 27 of module raft: 0
@!@!@ENDMSG 2221 @!@!@
@!@!@STARTMSG 2221:0 @!@!@
  line 297, col 69 to line 297, col 71 of module raft: 0
@!@!@ENDMSG 2221 @!@!@
@!@!@STARTMSG 2221:0 @!@!@
  line 313, col 24 to line 313, col 61 of module raft: 159602
@!@!@ENDMSG 2221 @!@!@
@!@!@STARTMSG 2221:0 @!@!@
  line 314, col 34 to line 314, col 41 of module raft: 91859
@!@!@ENDMSG 2221 @!@!@
@!@!@STARTMSG 2221:0 @!@!@
  line 324, col 23 to line 324, col 27 of module raft: 251461
@!@!@ENDMSG 2221 @!@!@
@!@!@STARTMSG 2221:0 @!@!@
  line 324, col 30 to line 324, col 40 of module raft: 251461
@!@!@ENDMSG 2221 @!@!@
@!@!@STARTMSG 2221:0 @!@!@
  line 332, col 8 to line 333, col 57 of module raft: 43742
@!@!@ENDMSG 2221 @!@!@
@!@!@STARTMSG 2221:0 @!@!@
  line 335, col 14 to line 336, col 59 of module raft: 33383
@!@!@ENDMSG 2221 @!@!@
@!@!@STARTMSG 2221:0 @!@!@
  line 337, col 14 to line 338, col 59 of module raft: 33383
@!@!@ENDMSG 2221 @!@!@
@!@!@STARTMSG 2221:0 @!@!@
  line 340, col 26 to line 340, col 37 of module raft: 10359
@!@!@ENDMSG 2221 @!@!@
@!@!@STARTMSG 2221:0 @!@!@
  line 340, col 40 to line 340, col 47 of module raft: 10359
@!@!@ENDMSG 2221 @!@!@
@!@!@STARTMSG 2221:0 @!@!@
  line 342, col 32 to line 342, col 39 of module raft: 0
@!@!@ENDMSG 2221 @!@!@
@!@!@STARTMSG 2221:0 @!@!@
  line 370, col 17 to line 370, col 55 of module raft: 0
@!@!@ENDMSG 2221 @!@!@
@!@!@STARTMSG 2221:0 @!@!@
  line 371, col 29 to line 371, col 39 of module raft: 0
@!@!@ENDMSG 2221 @!@!@
@!@!@STARTMSG 2221:0 @!@!@
  line 371, col 42 to line 371, col 49 of module raft: 0
@!@!@ENDMSG 2221 @!@!@
@!@!@STARTMSG 2221:0 @!@!@
  line 371, col 61 to line 371, col 68 of module raft: 0
@!@!@ENDMSG 2221 @!@!@
@!@!@STARTMSG 2221:0 @!@!@
  line 384, col 27 to line 385, col 61 of module raft: 0
@!@!@ENDMSG 2221 @!@!@
@!@!@STARTMSG 2221:0 @!@!@
  line 401, col 30 to line 401, col 59 of module raft: 0
@!@!@ENDMSG 2221 @!@!@
@!@!@STARTMSG 2221:0 @!@!@
  line 402, col 104 to line 402, col 123 of module raft: 0
@!@!@ENDMSG 2221 @!@!@
@!@!@STARTMSG 2221:0 @!@!@
  line 402, col 51 to line 402, col 61 of module raft: 0
@!@!@ENDMSG 2221 @!@!@
@!@!@STARTMSG 2221:0 @!@!@
  line 402, col 64 to line 402, col 71 of module raft: 0
@!@!@ENDMSG 2221 @!@!@
@!@!@STARTMSG 2221:0 @!@!@
  line 402, col 74 to line 402, col 87 of module raft: 0
@!@!@ENDMSG 2221 @!@!@
@!@!@STARTMSG 2221:0 @!@!@
  line 402, col 90 to line 402, col 101 of module raft: 0
@!@!@ENDMSG 2221 @!@!@
@!@!@STARTMSG 2221:0 @!@!@
  line 406, col 27 to line 407, col 68 of module raft: 0
@!@!@ENDMSG 2221 @!@!@
@!@!@STARTMSG 2221:0 @!@!@
  line 408, col 104 to line 408, col 123 of module raft: 0
@!@!@ENDMSG 2221 @!@!@
@!@!@STARTMSG 2221:0 @!@!@
  line 408, col 51 to line 408, col 61 of module raft: 0
@!@!@ENDMSG 2221 @!@!@
@!@!@STARTMSG 2221:0 @!@!@
  line 408, col 64 to line 408, col 71 of module raft: 0
@!@!@ENDMSG 2221 @!@!@
@!@!@STARTMSG 2221:0 @!@!@
  line 408, col 74 to line 408, col 87 of module raft: 0
@!@!@ENDMSG 2221 @!@!@
@!@!@STARTMSG 2221:0 @!@!@
  line 408, col 90 to line 408, col 101 of module raft: 0
@!@!@ENDMSG 2221 @!@!@
@!@!@STARTMSG 2221:0 @!@!@
  line 416, col 14 to line 416, col 74 of module raft: 0
@!@!@ENDMSG 2221 @!@!@
@!@!@STARTMSG 2221:0 @!@!@
  line 417, col 14 to line 417, col 70 of module raft: 0
@!@!@ENDMSG 2221 @!@!@
@!@!@STARTMSG 2221:0 @!@!@
  line 419, col 14 to line 420, col 61 of module raft: 0
@!@!@ENDMSG 2221 @!@!@
@!@!@STARTMSG 2221:0 @!@!@
  line 421, col 26 to line 421, col 35 of module raft: 0
@!@!@ENDMSG 2221 @!@!@
@!@!@STARTMSG 2221:0 @!@!@
  line 423, col 56 to line 423, col 64 of module raft: 0
@!@!@ENDMSG 2221 @!@!@
@!@!@STARTMSG 2221:0 @!@!@
  line 428, col 8 to line 428, col 60 of module raft: 135441
@!@!@ENDMSG 2221 @!@!@
@!@!@STARTMSG 2221:0 @!@!@
  line 429, col 8 to line 429, col 61 of module raft: 135441
@!@!@ENDMSG 2221 @!@!@
@!@!@STARTMSG 2221:0 @!@!@
  line 430, col 8 to line 430, col 56 of module raft: 135441
@!@!@ENDMSG 2221 @!@!@
@!@!@STARTMSG 2221:0 @!@!@
  line 432, col 20 to line 432, col 27 of module raft: 135441
@!@!@ENDMSG 2221 @!@!@
@!@!@STARTMSG 2221:0 @!@!@
  line 485, col 12 to line 485, col 58 of module raft: 3676132
@!@!@ENDMSG 2221 @!@!@
@!@!@STARTMSG 2221:0 @!@!@
  line 55, col 17 to line 55, col 27 of module raft: 2034647
@!@!@ENDMSG 2221 @!@!@
@!@!@STARTMSG 2221:0 @!@!@
  line 55, col 30 to line 55, col 34 of module raft: 2034647
@!@!@ENDMSG 2221 @!@!@
@!@!@STARTMSG 2221:0 @!@!@
  line 55, col 37 to line 55, col 44 of module raft: 2034647
@!@!@ENDMSG 2221 @!@!@
@!@!@STARTMSG 2221:0 @!@!@
  line 70, col 14 to line 70, col 16 of module raft: 3048841
@!@!@ENDMSG 2221 @!@!@
@!@!@STARTMSG 2221:0 @!@!@
  line 70, col 19 to line 70, col 29 of module raft: 3048841
@!@!@ENDMSG 2221 @!@!@
@!@!@STARTMSG 2221:0 @!@!@
  line 70, col 32 to line 70, col 45 of module raft: 3048841
@!@!@ENDMSG 2221 @!@!@
@!@!@STARTMSG 2221:0 @!@!@
  line 70, col 48 to line 70, col 59 of module raft: 3048841
@!@!@ENDMSG 2221 @!@!@
@!@!@STARTMSG 2221:0 @!@!@
  line 70, col 62 to line 70, col 81 of module raft: 3048841
@!@!@ENDMSG 2221 @!@!@
@!@!@STARTMSG 2221:0 @!@!@
  line 84, col 20 to line 84, col 33 of module raft: 2377808
@!@!@ENDMSG 2221 @!@!@
@!@!@STARTMSG 2221:0 @!@!@
  line 84, col 36 to line 84, col 47 of module raft: 2377808
@!@!@ENDMSG 2221 @!@!@
@!@!@STARTMSG 2221:0 @!@!@
  line 84, col 50 to line 84, col 57 of module raft: 2377808
@!@!@ENDMSG 2221 @!@!@
@!@!@STARTMSG 2221:0 @!@!@
  line 92, col 17 to line 92, col 25 of module raft: 3048840
@!@!@ENDMSG 2221 @!@!@
@!@!@STARTMSG 2221:0 @!@!@
  line 92, col 28 to line 92, col 37 of module raft: 3048840
@!@!@ENDMSG 2221 @!@!@
@!@!@STARTMSG 2221:0 @!@!@
  line 92, col 40 to line 92, col 48 of module raft: 3048840
@!@!@ENDMSG 2221 @!@!@
@!@!@STARTMSG 2202:0 @!@!@
End of statistics.
@!@!@ENDMSG 2202 @!@!@
@!@!@STARTMSG 2200:0 @!@!@
Progress(10) at 2016-07-20 09:15:17: 3676133 states generated (13,072,244 s/min), 1058997 distinct states found (3,765,768 ds/min), 849899 states left on queue.
@!@!@ENDMSG 2200 @!@!@
@!@!@STARTMSG 2199:0 @!@!@
3676133 states generated, 1058997 distinct states found, 849899 states left on queue.
@!@!@ENDMSG 2199 @!@!@
@!@!@STARTMSG 2194:0 @!@!@
The depth of the complete state graph search is 10.
@!@!@ENDMSG 2194 @!@!@
@!@!@STARTMSG 2186:0 @!@!@
Finished in 17s at (2016-07-20 09:15:17)
@!@!@ENDMSG 2186 @!@!@
